[2025-08-07 13:19:27] local.ERROR: SQLSTATE[42000]: Syntax error or access violation: 1091 Can't DROP FOREIGN KEY `gt_procesados_gt_procesados_gt_tipificacion3_id_foreign_foreign`; check that it exists (SQL: alter table `gt_procesados` drop foreign key `gt_procesados_gt_procesados_gt_tipificacion3_id_foreign_foreign`) {"exception":"[object] (Illuminate\\Database\\QueryException(code: 42000): SQLSTATE[42000]: Syntax error or access violation: 1091 Can't DROP FOREIGN KEY `gt_procesados_gt_procesados_gt_tipificacion3_id_foreign_foreign`; check that it exists (SQL: alter table `gt_procesados` drop foreign key `gt_procesados_gt_procesados_gt_tipificacion3_id_foreign_foreign`) at /var/www/html/segurosmercantil/source/vendor/laravel/framework/src/Illuminate/Database/Connection.php:665)
[stacktrace]
#0 /var/www/html/segurosmercantil/source/vendor/laravel/framework/src/Illuminate/Database/Connection.php(625): Illuminate\\Database\\Connection->runQueryCallback()
#1 /var/www/html/segurosmercantil/source/vendor/laravel/framework/src/Illuminate/Database/Connection.php(460): Illuminate\\Database\\Connection->run()
#2 /var/www/html/segurosmercantil/source/vendor/laravel/framework/src/Illuminate/Database/Schema/Blueprint.php(97): Illuminate\\Database\\Connection->statement()
#3 /var/www/html/segurosmercantil/source/vendor/laravel/framework/src/Illuminate/Database/Schema/Builder.php(290): Illuminate\\Database\\Schema\\Blueprint->build()
#4 /var/www/html/segurosmercantil/source/vendor/laravel/framework/src/Illuminate/Database/Schema/Builder.php(151): Illuminate\\Database\\Schema\\Builder->build()
#5 /var/www/html/segurosmercantil/source/vendor/laravel/framework/src/Illuminate/Support/Facades/Facade.php(239): Illuminate\\Database\\Schema\\Builder->table()
#6 /var/www/html/segurosmercantil/source/database/migrations/2025_04_14_083120_add_gt_tipificacion3_id_to_gt_procesados_table.php(33): Illuminate\\Support\\Facades\\Facade::__callStatic()
#7 /var/www/html/segurosmercantil/source/vendor/laravel/framework/src/Illuminate/Database/Migrations/Migrator.php(387): AddGtTipificacion3IdToGtProcesadosTable->down()
#8 /var/www/html/segurosmercantil/source/vendor/laravel/framework/src/Illuminate/Database/Migrations/Migrator.php(396): Illuminate\\Database\\Migrations\\Migrator->Illuminate\\Database\\Migrations\\{closure}()
#9 /var/www/html/segurosmercantil/source/vendor/laravel/framework/src/Illuminate/Database/Migrations/Migrator.php(358): Illuminate\\Database\\Migrations\\Migrator->runMigration()
#10 /var/www/html/segurosmercantil/source/vendor/laravel/framework/src/Illuminate/Database/Migrations/Migrator.php(279): Illuminate\\Database\\Migrations\\Migrator->runDown()
#11 /var/www/html/segurosmercantil/source/vendor/laravel/framework/src/Illuminate/Database/Migrations/Migrator.php(229): Illuminate\\Database\\Migrations\\Migrator->rollbackMigrations()
#12 /var/www/html/segurosmercantil/source/vendor/laravel/framework/src/Illuminate/Database/Console/Migrations/RollbackCommand.php(63): Illuminate\\Database\\Migrations\\Migrator->rollback()
#13 [internal function]: Illuminate\\Database\\Console\\Migrations\\RollbackCommand->handle()
#14 /var/www/html/segurosmercantil/source/vendor/laravel/framework/src/Illuminate/Container/BoundMethod.php(32): call_user_func_array()
#15 /var/www/html/segurosmercantil/source/vendor/laravel/framework/src/Illuminate/Support/helpers.php(522): Illuminate\\Container\\BoundMethod::Illuminate\\Container\\{closure}()
#16 /var/www/html/segurosmercantil/source/vendor/laravel/framework/src/Illuminate/Container/BoundMethod.php(90): value()
#17 /var/www/html/segurosmercantil/source/vendor/laravel/framework/src/Illuminate/Container/BoundMethod.php(34): Illuminate\\Container\\BoundMethod::callBoundMethod()
#18 /var/www/html/segurosmercantil/source/vendor/laravel/framework/src/Illuminate/Container/Container.php(591): Illuminate\\Container\\BoundMethod::call()
#19 /var/www/html/segurosmercantil/source/vendor/laravel/framework/src/Illuminate/Console/Command.php(202): Illuminate\\Container\\Container->call()
#20 /var/www/html/segurosmercantil/source/vendor/symfony/console/Command/Command.php(255): Illuminate\\Console\\Command->execute()
#21 /var/www/html/segurosmercantil/source/vendor/laravel/framework/src/Illuminate/Console/Command.php(189): Symfony\\Component\\Console\\Command\\Command->run()
#22 /var/www/html/segurosmercantil/source/vendor/symfony/console/Application.php(1021): Illuminate\\Console\\Command->run()
#23 /var/www/html/segurosmercantil/source/vendor/symfony/console/Application.php(275): Symfony\\Component\\Console\\Application->doRunCommand()
#24 /var/www/html/segurosmercantil/source/vendor/symfony/console/Application.php(149): Symfony\\Component\\Console\\Application->doRun()
#25 /var/www/html/segurosmercantil/source/vendor/laravel/framework/src/Illuminate/Console/Application.php(90): Symfony\\Component\\Console\\Application->run()
#26 /var/www/html/segurosmercantil/source/vendor/laravel/framework/src/Illuminate/Foundation/Console/Kernel.php(131): Illuminate\\Console\\Application->run()
#27 /var/www/html/segurosmercantil/source/artisan(37): Illuminate\\Foundation\\Console\\Kernel->handle()
#28 {main}

[previous exception] [object] (PDOException(code: 42000): SQLSTATE[42000]: Syntax error or access violation: 1091 Can't DROP FOREIGN KEY `gt_procesados_gt_procesados_gt_tipificacion3_id_foreign_foreign`; check that it exists at /var/www/html/segurosmercantil/source/vendor/laravel/framework/src/Illuminate/Database/Connection.php:459)
[stacktrace]
#0 /var/www/html/segurosmercantil/source/vendor/laravel/framework/src/Illuminate/Database/Connection.php(459): PDOStatement->execute()
#1 /var/www/html/segurosmercantil/source/vendor/laravel/framework/src/Illuminate/Database/Connection.php(658): Illuminate\\Database\\Connection->Illuminate\\Database\\{closure}()
#2 /var/www/html/segurosmercantil/source/vendor/laravel/framework/src/Illuminate/Database/Connection.php(625): Illuminate\\Database\\Connection->runQueryCallback()
#3 /var/www/html/segurosmercantil/source/vendor/laravel/framework/src/Illuminate/Database/Connection.php(460): Illuminate\\Database\\Connection->run()
#4 /var/www/html/segurosmercantil/source/vendor/laravel/framework/src/Illuminate/Database/Schema/Blueprint.php(97): Illuminate\\Database\\Connection->statement()
#5 /var/www/html/segurosmercantil/source/vendor/laravel/framework/src/Illuminate/Database/Schema/Builder.php(290): Illuminate\\Database\\Schema\\Blueprint->build()
#6 /var/www/html/segurosmercantil/source/vendor/laravel/framework/src/Illuminate/Database/Schema/Builder.php(151): Illuminate\\Database\\Schema\\Builder->build()
#7 /var/www/html/segurosmercantil/source/vendor/laravel/framework/src/Illuminate/Support/Facades/Facade.php(239): Illuminate\\Database\\Schema\\Builder->table()
#8 /var/www/html/segurosmercantil/source/database/migrations/2025_04_14_083120_add_gt_tipificacion3_id_to_gt_procesados_table.php(33): Illuminate\\Support\\Facades\\Facade::__callStatic()
#9 /var/www/html/segurosmercantil/source/vendor/laravel/framework/src/Illuminate/Database/Migrations/Migrator.php(387): AddGtTipificacion3IdToGtProcesadosTable->down()
#10 /var/www/html/segurosmercantil/source/vendor/laravel/framework/src/Illuminate/Database/Migrations/Migrator.php(396): Illuminate\\Database\\Migrations\\Migrator->Illuminate\\Database\\Migrations\\{closure}()
#11 /var/www/html/segurosmercantil/source/vendor/laravel/framework/src/Illuminate/Database/Migrations/Migrator.php(358): Illuminate\\Database\\Migrations\\Migrator->runMigration()
#12 /var/www/html/segurosmercantil/source/vendor/laravel/framework/src/Illuminate/Database/Migrations/Migrator.php(279): Illuminate\\Database\\Migrations\\Migrator->runDown()
#13 /var/www/html/segurosmercantil/source/vendor/laravel/framework/src/Illuminate/Database/Migrations/Migrator.php(229): Illuminate\\Database\\Migrations\\Migrator->rollbackMigrations()
#14 /var/www/html/segurosmercantil/source/vendor/laravel/framework/src/Illuminate/Database/Console/Migrations/RollbackCommand.php(63): Illuminate\\Database\\Migrations\\Migrator->rollback()
#15 [internal function]: Illuminate\\Database\\Console\\Migrations\\RollbackCommand->handle()
#16 /var/www/html/segurosmercantil/source/vendor/laravel/framework/src/Illuminate/Container/BoundMethod.php(32): call_user_func_array()
#17 /var/www/html/segurosmercantil/source/vendor/laravel/framework/src/Illuminate/Support/helpers.php(522): Illuminate\\Container\\BoundMethod::Illuminate\\Container\\{closure}()
#18 /var/www/html/segurosmercantil/source/vendor/laravel/framework/src/Illuminate/Container/BoundMethod.php(90): value()
#19 /var/www/html/segurosmercantil/source/vendor/laravel/framework/src/Illuminate/Container/BoundMethod.php(34): Illuminate\\Container\\BoundMethod::callBoundMethod()
#20 /var/www/html/segurosmercantil/source/vendor/laravel/framework/src/Illuminate/Container/Container.php(591): Illuminate\\Container\\BoundMethod::call()
#21 /var/www/html/segurosmercantil/source/vendor/laravel/framework/src/Illuminate/Console/Command.php(202): Illuminate\\Container\\Container->call()
#22 /var/www/html/segurosmercantil/source/vendor/symfony/console/Command/Command.php(255): Illuminate\\Console\\Command->execute()
#23 /var/www/html/segurosmercantil/source/vendor/laravel/framework/src/Illuminate/Console/Command.php(189): Symfony\\Component\\Console\\Command\\Command->run()
#24 /var/www/html/segurosmercantil/source/vendor/symfony/console/Application.php(1021): Illuminate\\Console\\Command->run()
#25 /var/www/html/segurosmercantil/source/vendor/symfony/console/Application.php(275): Symfony\\Component\\Console\\Application->doRunCommand()
#26 /var/www/html/segurosmercantil/source/vendor/symfony/console/Application.php(149): Symfony\\Component\\Console\\Application->doRun()
#27 /var/www/html/segurosmercantil/source/vendor/laravel/framework/src/Illuminate/Console/Application.php(90): Symfony\\Component\\Console\\Application->run()
#28 /var/www/html/segurosmercantil/source/vendor/laravel/framework/src/Illuminate/Foundation/Console/Kernel.php(131): Illuminate\\Console\\Application->run()
#29 /var/www/html/segurosmercantil/source/artisan(37): Illuminate\\Foundation\\Console\\Kernel->handle()
#30 {main}
"} 
