[2025-11-19 12:58:37] local.ERROR: Class 'Webwizo\Shortcodes\ShortcodesServiceProvider' not found {"exception":"[object] (Error(code: 0): Class 'Webwizo\\Shortcodes\\ShortcodesServiceProvider' not found at /var/www/html/segurosmercantil/source/vendor/laravel/framework/src/Illuminate/Foundation/ProviderRepository.php:208)
[stacktrace]
#0 /var/www/html/segurosmercantil/source/vendor/laravel/framework/src/Illuminate/Foundation/ProviderRepository.php(144): Illuminate\\Foundation\\ProviderRepository->createProvider()
#1 /var/www/html/segurosmercantil/source/vendor/laravel/framework/src/Illuminate/Foundation/ProviderRepository.php(61): Illuminate\\Foundation\\ProviderRepository->compileManifest()
#2 /var/www/html/segurosmercantil/source/vendor/laravel/framework/src/Illuminate/Foundation/Application.php(661): Illuminate\\Foundation\\ProviderRepository->load()
#3 /var/www/html/segurosmercantil/source/vendor/laravel/framework/src/Illuminate/Foundation/Bootstrap/RegisterProviders.php(17): Illuminate\\Foundation\\Application->registerConfiguredProviders()
#4 /var/www/html/segurosmercantil/source/vendor/laravel/framework/src/Illuminate/Foundation/Application.php(237): Illuminate\\Foundation\\Bootstrap\\RegisterProviders->bootstrap()
#5 /var/www/html/segurosmercantil/source/vendor/laravel/framework/src/Illuminate/Foundation/Console/Kernel.php(310): Illuminate\\Foundation\\Application->bootstrapWith()
#6 /var/www/html/segurosmercantil/source/vendor/laravel/framework/src/Illuminate/Foundation/Console/Kernel.php(127): Illuminate\\Foundation\\Console\\Kernel->bootstrap()
#7 /var/www/html/segurosmercantil/source/artisan(37): Illuminate\\Foundation\\Console\\Kernel->handle()
#8 {main}
"} 
[2025-11-19 12:59:20] local.ERROR: Class 'Barryvdh\DomPDF\ServiceProvider' not found {"exception":"[object] (Error(code: 0): Class 'Barryvdh\\DomPDF\\ServiceProvider' not found at /var/www/html/segurosmercantil/source/vendor/laravel/framework/src/Illuminate/Foundation/ProviderRepository.php:208)
[stacktrace]
#0 /var/www/html/segurosmercantil/source/vendor/laravel/framework/src/Illuminate/Foundation/ProviderRepository.php(144): Illuminate\\Foundation\\ProviderRepository->createProvider()
#1 /var/www/html/segurosmercantil/source/vendor/laravel/framework/src/Illuminate/Foundation/ProviderRepository.php(61): Illuminate\\Foundation\\ProviderRepository->compileManifest()
#2 /var/www/html/segurosmercantil/source/vendor/laravel/framework/src/Illuminate/Foundation/Application.php(661): Illuminate\\Foundation\\ProviderRepository->load()
#3 /var/www/html/segurosmercantil/source/vendor/laravel/framework/src/Illuminate/Foundation/Bootstrap/RegisterProviders.php(17): Illuminate\\Foundation\\Application->registerConfiguredProviders()
#4 /var/www/html/segurosmercantil/source/vendor/laravel/framework/src/Illuminate/Foundation/Application.php(237): Illuminate\\Foundation\\Bootstrap\\RegisterProviders->bootstrap()
#5 /var/www/html/segurosmercantil/source/vendor/laravel/framework/src/Illuminate/Foundation/Console/Kernel.php(310): Illuminate\\Foundation\\Application->bootstrapWith()
#6 /var/www/html/segurosmercantil/source/vendor/laravel/framework/src/Illuminate/Foundation/Console/Kernel.php(127): Illuminate\\Foundation\\Console\\Kernel->bootstrap()
#7 /var/www/html/segurosmercantil/source/artisan(37): Illuminate\\Foundation\\Console\\Kernel->handle()
#8 {main}
"} 
[2025-11-19 13:00:51] local.ERROR: Class 'Barryvdh\DomPDF\ServiceProvider' not found {"exception":"[object] (Error(code: 0): Class 'Barryvdh\\DomPDF\\ServiceProvider' not found at /var/www/html/segurosmercantil/source/vendor/laravel/framework/src/Illuminate/Foundation/ProviderRepository.php:208)
[stacktrace]
#0 /var/www/html/segurosmercantil/source/vendor/laravel/framework/src/Illuminate/Foundation/ProviderRepository.php(144): Illuminate\\Foundation\\ProviderRepository->createProvider()
#1 /var/www/html/segurosmercantil/source/vendor/laravel/framework/src/Illuminate/Foundation/ProviderRepository.php(61): Illuminate\\Foundation\\ProviderRepository->compileManifest()
#2 /var/www/html/segurosmercantil/source/vendor/laravel/framework/src/Illuminate/Foundation/Application.php(661): Illuminate\\Foundation\\ProviderRepository->load()
#3 /var/www/html/segurosmercantil/source/vendor/laravel/framework/src/Illuminate/Foundation/Bootstrap/RegisterProviders.php(17): Illuminate\\Foundation\\Application->registerConfiguredProviders()
#4 /var/www/html/segurosmercantil/source/vendor/laravel/framework/src/Illuminate/Foundation/Application.php(237): Illuminate\\Foundation\\Bootstrap\\RegisterProviders->bootstrap()
#5 /var/www/html/segurosmercantil/source/vendor/laravel/framework/src/Illuminate/Foundation/Console/Kernel.php(310): Illuminate\\Foundation\\Application->bootstrapWith()
#6 /var/www/html/segurosmercantil/source/vendor/laravel/framework/src/Illuminate/Foundation/Console/Kernel.php(127): Illuminate\\Foundation\\Console\\Kernel->bootstrap()
#7 /var/www/html/segurosmercantil/source/artisan(37): Illuminate\\Foundation\\Console\\Kernel->handle()
#8 {main}
"} 
