[2025-08-14 10:22:18] local.ERROR: include(/var/www/html/segurosmercantil/source/app/Models/SegurosMercantil/Tipificacion3Model.php): failed to open stream: Permission denied {"userId":2,"exception":"[object] (ErrorException(code: 0): include(/var/www/html/segurosmercantil/source/app/Models/SegurosMercantil/Tipificacion3Model.php): failed to open stream: Permission denied at /var/www/html/segurosmercantil/source/vendor/composer/ClassLoader.php:576)
[stacktrace]
#0 /var/www/html/segurosmercantil/source/vendor/composer/ClassLoader.php(576): Illuminate\\Foundation\\Bootstrap\\HandleExceptions->handleError()
#1 /var/www/html/segurosmercantil/source/vendor/composer/ClassLoader.php(576): include()
#2 /var/www/html/segurosmercantil/source/vendor/composer/ClassLoader.php(427): Composer\\Autoload\\{closure}()
#3 [internal function]: Composer\\Autoload\\ClassLoader->loadClass()
#4 /var/www/html/segurosmercantil/source/vendor/laravel/framework/src/Illuminate/Database/Eloquent/Concerns/HasRelationships.php(720): spl_autoload_call()
#5 /var/www/html/segurosmercantil/source/vendor/laravel/framework/src/Illuminate/Database/Eloquent/Concerns/HasRelationships.php(179): Illuminate\\Database\\Eloquent\\Model->newRelatedInstance()
#6 /var/www/html/segurosmercantil/source/app/Models/SegurosMercantil/ProcesadosModel.php(30): Illuminate\\Database\\Eloquent\\Model->belongsTo()
#7 /var/www/html/segurosmercantil/source/vendor/laravel/framework/src/Illuminate/Database/Eloquent/Concerns/HasAttributes.php(415): App\\Models\\SegurosMercantil\\ProcesadosModel->RelationTipificacion3()
#8 /var/www/html/segurosmercantil/source/vendor/laravel/framework/src/Illuminate/Database/Eloquent/Concerns/HasAttributes.php(401): Illuminate\\Database\\Eloquent\\Model->getRelationshipFromMethod()
#9 /var/www/html/segurosmercantil/source/vendor/laravel/framework/src/Illuminate/Database/Eloquent/Concerns/HasAttributes.php(333): Illuminate\\Database\\Eloquent\\Model->getRelationValue()
#10 /var/www/html/segurosmercantil/source/vendor/laravel/framework/src/Illuminate/Database/Eloquent/Model.php(1523): Illuminate\\Database\\Eloquent\\Model->getAttribute()
#11 /var/www/html/segurosmercantil/source/app/Http/Controllers/SegurosMercantil/GestionController.php(493): Illuminate\\Database\\Eloquent\\Model->__get()
#12 [internal function]: App\\Http\\Controllers\\SegurosMercantil\\GestionController->getTipificaciones()
#13 /var/www/html/segurosmercantil/source/vendor/laravel/framework/src/Illuminate/Routing/Controller.php(54): call_user_func_array()
#14 /var/www/html/segurosmercantil/source/vendor/laravel/framework/src/Illuminate/Routing/ControllerDispatcher.php(45): Illuminate\\Routing\\Controller->callAction()
#15 /var/www/html/segurosmercantil/source/vendor/laravel/framework/src/Illuminate/Routing/Route.php(219): Illuminate\\Routing\\ControllerDispatcher->dispatch()
#16 /var/www/html/segurosmercantil/source/vendor/laravel/framework/src/Illuminate/Routing/Route.php(176): Illuminate\\Routing\\Route->runController()
#17 /var/www/html/segurosmercantil/source/vendor/laravel/framework/src/Illuminate/Routing/Router.php(680): Illuminate\\Routing\\Route->run()
#18 /var/www/html/segurosmercantil/source/vendor/laravel/framework/src/Illuminate/Pipeline/Pipeline.php(130): Illuminate\\Routing\\Router->Illuminate\\Routing\\{closure}()
#19 /var/www/html/segurosmercantil/source/vendor/jeremykenedy/laravel-logger/src/App/Http/Middleware/LogActivity.php(27): Illuminate\\Pipeline\\Pipeline->Illuminate\\Pipeline\\{closure}()
#20 /var/www/html/segurosmercantil/source/vendor/laravel/framework/src/Illuminate/Pipeline/Pipeline.php(171): jeremykenedy\\LaravelLogger\\App\\Http\\Middleware\\LogActivity->handle()
#21 /var/www/html/segurosmercantil/source/vendor/laravel/framework/src/Illuminate/Routing/Middleware/SubstituteBindings.php(41): Illuminate\\Pipeline\\Pipeline->Illuminate\\Pipeline\\{closure}()
#22 /var/www/html/segurosmercantil/source/vendor/laravel/framework/src/Illuminate/Pipeline/Pipeline.php(171): Illuminate\\Routing\\Middleware\\SubstituteBindings->handle()
#23 /var/www/html/segurosmercantil/source/vendor/laravel/framework/src/Illuminate/Auth/Middleware/Authenticate.php(43): Illuminate\\Pipeline\\Pipeline->Illuminate\\Pipeline\\{closure}()
#24 /var/www/html/segurosmercantil/source/vendor/laravel/framework/src/Illuminate/Pipeline/Pipeline.php(171): Illuminate\\Auth\\Middleware\\Authenticate->handle()
#25 /var/www/html/segurosmercantil/source/vendor/laravel/framework/src/Illuminate/Foundation/Http/Middleware/VerifyCsrfToken.php(76): Illuminate\\Pipeline\\Pipeline->Illuminate\\Pipeline\\{closure}()
#26 /var/www/html/segurosmercantil/source/vendor/laravel/framework/src/Illuminate/Pipeline/Pipeline.php(171): Illuminate\\Foundation\\Http\\Middleware\\VerifyCsrfToken->handle()
#27 /var/www/html/segurosmercantil/source/vendor/laravel/framework/src/Illuminate/View/Middleware/ShareErrorsFromSession.php(49): Illuminate\\Pipeline\\Pipeline->Illuminate\\Pipeline\\{closure}()
#28 /var/www/html/segurosmercantil/source/vendor/laravel/framework/src/Illuminate/Pipeline/Pipeline.php(171): Illuminate\\View\\Middleware\\ShareErrorsFromSession->handle()
#29 /var/www/html/segurosmercantil/source/vendor/laravel/framework/src/Illuminate/Session/Middleware/StartSession.php(56): Illuminate\\Pipeline\\Pipeline->Illuminate\\Pipeline\\{closure}()
#30 /var/www/html/segurosmercantil/source/vendor/laravel/framework/src/Illuminate/Pipeline/Pipeline.php(171): Illuminate\\Session\\Middleware\\StartSession->handle()
#31 /var/www/html/segurosmercantil/source/vendor/laravel/framework/src/Illuminate/Cookie/Middleware/AddQueuedCookiesToResponse.php(37): Illuminate\\Pipeline\\Pipeline->Illuminate\\Pipeline\\{closure}()
#32 /var/www/html/segurosmercantil/source/vendor/laravel/framework/src/Illuminate/Pipeline/Pipeline.php(171): Illuminate\\Cookie\\Middleware\\AddQueuedCookiesToResponse->handle()
#33 /var/www/html/segurosmercantil/source/vendor/laravel/framework/src/Illuminate/Cookie/Middleware/EncryptCookies.php(66): Illuminate\\Pipeline\\Pipeline->Illuminate\\Pipeline\\{closure}()
#34 /var/www/html/segurosmercantil/source/vendor/laravel/framework/src/Illuminate/Pipeline/Pipeline.php(171): Illuminate\\Cookie\\Middleware\\EncryptCookies->handle()
#35 /var/www/html/segurosmercantil/source/vendor/laravel/framework/src/Illuminate/Pipeline/Pipeline.php(105): Illuminate\\Pipeline\\Pipeline->Illuminate\\Pipeline\\{closure}()
#36 /var/www/html/segurosmercantil/source/vendor/laravel/framework/src/Illuminate/Routing/Router.php(682): Illuminate\\Pipeline\\Pipeline->then()
#37 /var/www/html/segurosmercantil/source/vendor/laravel/framework/src/Illuminate/Routing/Router.php(657): Illuminate\\Routing\\Router->runRouteWithinStack()
#38 /var/www/html/segurosmercantil/source/vendor/laravel/framework/src/Illuminate/Routing/Router.php(623): Illuminate\\Routing\\Router->runRoute()
#39 /var/www/html/segurosmercantil/source/vendor/laravel/framework/src/Illuminate/Routing/Router.php(612): Illuminate\\Routing\\Router->dispatchToRoute()
#40 /var/www/html/segurosmercantil/source/vendor/laravel/framework/src/Illuminate/Foundation/Http/Kernel.php(176): Illuminate\\Routing\\Router->dispatch()
#41 /var/www/html/segurosmercantil/source/vendor/laravel/framework/src/Illuminate/Pipeline/Pipeline.php(130): Illuminate\\Foundation\\Http\\Kernel->Illuminate\\Foundation\\Http\\{closure}()
#42 /var/www/html/segurosmercantil/source/vendor/laravel/framework/src/Illuminate/Foundation/Http/Middleware/TransformsRequest.php(21): Illuminate\\Pipeline\\Pipeline->Illuminate\\Pipeline\\{closure}()
#43 /var/www/html/segurosmercantil/source/vendor/laravel/framework/src/Illuminate/Pipeline/Pipeline.php(171): Illuminate\\Foundation\\Http\\Middleware\\TransformsRequest->handle()
#44 /var/www/html/segurosmercantil/source/vendor/laravel/framework/src/Illuminate/Foundation/Http/Middleware/TransformsRequest.php(21): Illuminate\\Pipeline\\Pipeline->Illuminate\\Pipeline\\{closure}()
#45 /var/www/html/segurosmercantil/source/vendor/laravel/framework/src/Illuminate/Pipeline/Pipeline.php(171): Illuminate\\Foundation\\Http\\Middleware\\TransformsRequest->handle()
#46 /var/www/html/segurosmercantil/source/vendor/laravel/framework/src/Illuminate/Foundation/Http/Middleware/ValidatePostSize.php(27): Illuminate\\Pipeline\\Pipeline->Illuminate\\Pipeline\\{closure}()
#47 /var/www/html/segurosmercantil/source/vendor/laravel/framework/src/Illuminate/Pipeline/Pipeline.php(171): Illuminate\\Foundation\\Http\\Middleware\\ValidatePostSize->handle()
#48 /var/www/html/segurosmercantil/source/vendor/laravel/framework/src/Illuminate/Foundation/Http/Middleware/CheckForMaintenanceMode.php(62): Illuminate\\Pipeline\\Pipeline->Illuminate\\Pipeline\\{closure}()
#49 /var/www/html/segurosmercantil/source/vendor/laravel/framework/src/Illuminate/Pipeline/Pipeline.php(171): Illuminate\\Foundation\\Http\\Middleware\\CheckForMaintenanceMode->handle()
#50 /var/www/html/segurosmercantil/source/vendor/fideloper/proxy/src/TrustProxies.php(57): Illuminate\\Pipeline\\Pipeline->Illuminate\\Pipeline\\{closure}()
#51 /var/www/html/segurosmercantil/source/vendor/laravel/framework/src/Illuminate/Pipeline/Pipeline.php(171): Fideloper\\Proxy\\TrustProxies->handle()
#52 /var/www/html/segurosmercantil/source/vendor/laravel/framework/src/Illuminate/Pipeline/Pipeline.php(105): Illuminate\\Pipeline\\Pipeline->Illuminate\\Pipeline\\{closure}()
#53 /var/www/html/segurosmercantil/source/vendor/laravel/framework/src/Illuminate/Foundation/Http/Kernel.php(151): Illuminate\\Pipeline\\Pipeline->then()
#54 /var/www/html/segurosmercantil/source/vendor/laravel/framework/src/Illuminate/Foundation/Http/Kernel.php(116): Illuminate\\Foundation\\Http\\Kernel->sendRequestThroughRouter()
#55 /var/www/html/segurosmercantil/index.php(55): Illuminate\\Foundation\\Http\\Kernel->handle()
#56 {main}
"} 
[2025-08-14 10:23:37] local.ERROR: include(/var/www/html/segurosmercantil/source/app/Models/SegurosMercantil/Tipificacion3Model.php): failed to open stream: Permission denied {"userId":2,"exception":"[object] (ErrorException(code: 0): include(/var/www/html/segurosmercantil/source/app/Models/SegurosMercantil/Tipificacion3Model.php): failed to open stream: Permission denied at /var/www/html/segurosmercantil/source/vendor/composer/ClassLoader.php:576)
[stacktrace]
#0 /var/www/html/segurosmercantil/source/vendor/composer/ClassLoader.php(576): Illuminate\\Foundation\\Bootstrap\\HandleExceptions->handleError()
#1 /var/www/html/segurosmercantil/source/vendor/composer/ClassLoader.php(576): include()
#2 /var/www/html/segurosmercantil/source/vendor/composer/ClassLoader.php(427): Composer\\Autoload\\{closure}()
#3 [internal function]: Composer\\Autoload\\ClassLoader->loadClass()
#4 /var/www/html/segurosmercantil/source/vendor/laravel/framework/src/Illuminate/Database/Eloquent/Concerns/HasRelationships.php(720): spl_autoload_call()
#5 /var/www/html/segurosmercantil/source/vendor/laravel/framework/src/Illuminate/Database/Eloquent/Concerns/HasRelationships.php(179): Illuminate\\Database\\Eloquent\\Model->newRelatedInstance()
#6 /var/www/html/segurosmercantil/source/app/Models/SegurosMercantil/ProcesadosModel.php(30): Illuminate\\Database\\Eloquent\\Model->belongsTo()
#7 /var/www/html/segurosmercantil/source/vendor/laravel/framework/src/Illuminate/Database/Eloquent/Concerns/HasAttributes.php(415): App\\Models\\SegurosMercantil\\ProcesadosModel->RelationTipificacion3()
#8 /var/www/html/segurosmercantil/source/vendor/laravel/framework/src/Illuminate/Database/Eloquent/Concerns/HasAttributes.php(401): Illuminate\\Database\\Eloquent\\Model->getRelationshipFromMethod()
#9 /var/www/html/segurosmercantil/source/vendor/laravel/framework/src/Illuminate/Database/Eloquent/Concerns/HasAttributes.php(333): Illuminate\\Database\\Eloquent\\Model->getRelationValue()
#10 /var/www/html/segurosmercantil/source/vendor/laravel/framework/src/Illuminate/Database/Eloquent/Model.php(1523): Illuminate\\Database\\Eloquent\\Model->getAttribute()
#11 /var/www/html/segurosmercantil/source/app/Http/Controllers/SegurosMercantil/GestionController.php(493): Illuminate\\Database\\Eloquent\\Model->__get()
#12 [internal function]: App\\Http\\Controllers\\SegurosMercantil\\GestionController->getTipificaciones()
#13 /var/www/html/segurosmercantil/source/vendor/laravel/framework/src/Illuminate/Routing/Controller.php(54): call_user_func_array()
#14 /var/www/html/segurosmercantil/source/vendor/laravel/framework/src/Illuminate/Routing/ControllerDispatcher.php(45): Illuminate\\Routing\\Controller->callAction()
#15 /var/www/html/segurosmercantil/source/vendor/laravel/framework/src/Illuminate/Routing/Route.php(219): Illuminate\\Routing\\ControllerDispatcher->dispatch()
#16 /var/www/html/segurosmercantil/source/vendor/laravel/framework/src/Illuminate/Routing/Route.php(176): Illuminate\\Routing\\Route->runController()
#17 /var/www/html/segurosmercantil/source/vendor/laravel/framework/src/Illuminate/Routing/Router.php(680): Illuminate\\Routing\\Route->run()
#18 /var/www/html/segurosmercantil/source/vendor/laravel/framework/src/Illuminate/Pipeline/Pipeline.php(130): Illuminate\\Routing\\Router->Illuminate\\Routing\\{closure}()
#19 /var/www/html/segurosmercantil/source/vendor/jeremykenedy/laravel-logger/src/App/Http/Middleware/LogActivity.php(27): Illuminate\\Pipeline\\Pipeline->Illuminate\\Pipeline\\{closure}()
#20 /var/www/html/segurosmercantil/source/vendor/laravel/framework/src/Illuminate/Pipeline/Pipeline.php(171): jeremykenedy\\LaravelLogger\\App\\Http\\Middleware\\LogActivity->handle()
#21 /var/www/html/segurosmercantil/source/vendor/laravel/framework/src/Illuminate/Routing/Middleware/SubstituteBindings.php(41): Illuminate\\Pipeline\\Pipeline->Illuminate\\Pipeline\\{closure}()
#22 /var/www/html/segurosmercantil/source/vendor/laravel/framework/src/Illuminate/Pipeline/Pipeline.php(171): Illuminate\\Routing\\Middleware\\SubstituteBindings->handle()
#23 /var/www/html/segurosmercantil/source/vendor/laravel/framework/src/Illuminate/Auth/Middleware/Authenticate.php(43): Illuminate\\Pipeline\\Pipeline->Illuminate\\Pipeline\\{closure}()
#24 /var/www/html/segurosmercantil/source/vendor/laravel/framework/src/Illuminate/Pipeline/Pipeline.php(171): Illuminate\\Auth\\Middleware\\Authenticate->handle()
#25 /var/www/html/segurosmercantil/source/vendor/laravel/framework/src/Illuminate/Foundation/Http/Middleware/VerifyCsrfToken.php(76): Illuminate\\Pipeline\\Pipeline->Illuminate\\Pipeline\\{closure}()
#26 /var/www/html/segurosmercantil/source/vendor/laravel/framework/src/Illuminate/Pipeline/Pipeline.php(171): Illuminate\\Foundation\\Http\\Middleware\\VerifyCsrfToken->handle()
#27 /var/www/html/segurosmercantil/source/vendor/laravel/framework/src/Illuminate/View/Middleware/ShareErrorsFromSession.php(49): Illuminate\\Pipeline\\Pipeline->Illuminate\\Pipeline\\{closure}()
#28 /var/www/html/segurosmercantil/source/vendor/laravel/framework/src/Illuminate/Pipeline/Pipeline.php(171): Illuminate\\View\\Middleware\\ShareErrorsFromSession->handle()
#29 /var/www/html/segurosmercantil/source/vendor/laravel/framework/src/Illuminate/Session/Middleware/StartSession.php(56): Illuminate\\Pipeline\\Pipeline->Illuminate\\Pipeline\\{closure}()
#30 /var/www/html/segurosmercantil/source/vendor/laravel/framework/src/Illuminate/Pipeline/Pipeline.php(171): Illuminate\\Session\\Middleware\\StartSession->handle()
#31 /var/www/html/segurosmercantil/source/vendor/laravel/framework/src/Illuminate/Cookie/Middleware/AddQueuedCookiesToResponse.php(37): Illuminate\\Pipeline\\Pipeline->Illuminate\\Pipeline\\{closure}()
#32 /var/www/html/segurosmercantil/source/vendor/laravel/framework/src/Illuminate/Pipeline/Pipeline.php(171): Illuminate\\Cookie\\Middleware\\AddQueuedCookiesToResponse->handle()
#33 /var/www/html/segurosmercantil/source/vendor/laravel/framework/src/Illuminate/Cookie/Middleware/EncryptCookies.php(66): Illuminate\\Pipeline\\Pipeline->Illuminate\\Pipeline\\{closure}()
#34 /var/www/html/segurosmercantil/source/vendor/laravel/framework/src/Illuminate/Pipeline/Pipeline.php(171): Illuminate\\Cookie\\Middleware\\EncryptCookies->handle()
#35 /var/www/html/segurosmercantil/source/vendor/laravel/framework/src/Illuminate/Pipeline/Pipeline.php(105): Illuminate\\Pipeline\\Pipeline->Illuminate\\Pipeline\\{closure}()
#36 /var/www/html/segurosmercantil/source/vendor/laravel/framework/src/Illuminate/Routing/Router.php(682): Illuminate\\Pipeline\\Pipeline->then()
#37 /var/www/html/segurosmercantil/source/vendor/laravel/framework/src/Illuminate/Routing/Router.php(657): Illuminate\\Routing\\Router->runRouteWithinStack()
#38 /var/www/html/segurosmercantil/source/vendor/laravel/framework/src/Illuminate/Routing/Router.php(623): Illuminate\\Routing\\Router->runRoute()
#39 /var/www/html/segurosmercantil/source/vendor/laravel/framework/src/Illuminate/Routing/Router.php(612): Illuminate\\Routing\\Router->dispatchToRoute()
#40 /var/www/html/segurosmercantil/source/vendor/laravel/framework/src/Illuminate/Foundation/Http/Kernel.php(176): Illuminate\\Routing\\Router->dispatch()
#41 /var/www/html/segurosmercantil/source/vendor/laravel/framework/src/Illuminate/Pipeline/Pipeline.php(130): Illuminate\\Foundation\\Http\\Kernel->Illuminate\\Foundation\\Http\\{closure}()
#42 /var/www/html/segurosmercantil/source/vendor/laravel/framework/src/Illuminate/Foundation/Http/Middleware/TransformsRequest.php(21): Illuminate\\Pipeline\\Pipeline->Illuminate\\Pipeline\\{closure}()
#43 /var/www/html/segurosmercantil/source/vendor/laravel/framework/src/Illuminate/Pipeline/Pipeline.php(171): Illuminate\\Foundation\\Http\\Middleware\\TransformsRequest->handle()
#44 /var/www/html/segurosmercantil/source/vendor/laravel/framework/src/Illuminate/Foundation/Http/Middleware/TransformsRequest.php(21): Illuminate\\Pipeline\\Pipeline->Illuminate\\Pipeline\\{closure}()
#45 /var/www/html/segurosmercantil/source/vendor/laravel/framework/src/Illuminate/Pipeline/Pipeline.php(171): Illuminate\\Foundation\\Http\\Middleware\\TransformsRequest->handle()
#46 /var/www/html/segurosmercantil/source/vendor/laravel/framework/src/Illuminate/Foundation/Http/Middleware/ValidatePostSize.php(27): Illuminate\\Pipeline\\Pipeline->Illuminate\\Pipeline\\{closure}()
#47 /var/www/html/segurosmercantil/source/vendor/laravel/framework/src/Illuminate/Pipeline/Pipeline.php(171): Illuminate\\Foundation\\Http\\Middleware\\ValidatePostSize->handle()
#48 /var/www/html/segurosmercantil/source/vendor/laravel/framework/src/Illuminate/Foundation/Http/Middleware/CheckForMaintenanceMode.php(62): Illuminate\\Pipeline\\Pipeline->Illuminate\\Pipeline\\{closure}()
#49 /var/www/html/segurosmercantil/source/vendor/laravel/framework/src/Illuminate/Pipeline/Pipeline.php(171): Illuminate\\Foundation\\Http\\Middleware\\CheckForMaintenanceMode->handle()
#50 /var/www/html/segurosmercantil/source/vendor/fideloper/proxy/src/TrustProxies.php(57): Illuminate\\Pipeline\\Pipeline->Illuminate\\Pipeline\\{closure}()
#51 /var/www/html/segurosmercantil/source/vendor/laravel/framework/src/Illuminate/Pipeline/Pipeline.php(171): Fideloper\\Proxy\\TrustProxies->handle()
#52 /var/www/html/segurosmercantil/source/vendor/laravel/framework/src/Illuminate/Pipeline/Pipeline.php(105): Illuminate\\Pipeline\\Pipeline->Illuminate\\Pipeline\\{closure}()
#53 /var/www/html/segurosmercantil/source/vendor/laravel/framework/src/Illuminate/Foundation/Http/Kernel.php(151): Illuminate\\Pipeline\\Pipeline->then()
#54 /var/www/html/segurosmercantil/source/vendor/laravel/framework/src/Illuminate/Foundation/Http/Kernel.php(116): Illuminate\\Foundation\\Http\\Kernel->sendRequestThroughRouter()
#55 /var/www/html/segurosmercantil/index.php(55): Illuminate\\Foundation\\Http\\Kernel->handle()
#56 {main}
"} 
[2025-08-14 10:23:46] local.ERROR: include(/var/www/html/segurosmercantil/source/app/Models/SegurosMercantil/Tipificacion3Model.php): failed to open stream: Permission denied {"userId":2,"exception":"[object] (ErrorException(code: 0): include(/var/www/html/segurosmercantil/source/app/Models/SegurosMercantil/Tipificacion3Model.php): failed to open stream: Permission denied at /var/www/html/segurosmercantil/source/vendor/composer/ClassLoader.php:576)
[stacktrace]
#0 /var/www/html/segurosmercantil/source/vendor/composer/ClassLoader.php(576): Illuminate\\Foundation\\Bootstrap\\HandleExceptions->handleError()
#1 /var/www/html/segurosmercantil/source/vendor/composer/ClassLoader.php(576): include()
#2 /var/www/html/segurosmercantil/source/vendor/composer/ClassLoader.php(427): Composer\\Autoload\\{closure}()
#3 [internal function]: Composer\\Autoload\\ClassLoader->loadClass()
#4 /var/www/html/segurosmercantil/source/vendor/laravel/framework/src/Illuminate/Database/Eloquent/Concerns/HasRelationships.php(720): spl_autoload_call()
#5 /var/www/html/segurosmercantil/source/vendor/laravel/framework/src/Illuminate/Database/Eloquent/Concerns/HasRelationships.php(179): Illuminate\\Database\\Eloquent\\Model->newRelatedInstance()
#6 /var/www/html/segurosmercantil/source/app/Models/SegurosMercantil/ProcesadosModel.php(30): Illuminate\\Database\\Eloquent\\Model->belongsTo()
#7 /var/www/html/segurosmercantil/source/vendor/laravel/framework/src/Illuminate/Database/Eloquent/Concerns/HasAttributes.php(415): App\\Models\\SegurosMercantil\\ProcesadosModel->RelationTipificacion3()
#8 /var/www/html/segurosmercantil/source/vendor/laravel/framework/src/Illuminate/Database/Eloquent/Concerns/HasAttributes.php(401): Illuminate\\Database\\Eloquent\\Model->getRelationshipFromMethod()
#9 /var/www/html/segurosmercantil/source/vendor/laravel/framework/src/Illuminate/Database/Eloquent/Concerns/HasAttributes.php(333): Illuminate\\Database\\Eloquent\\Model->getRelationValue()
#10 /var/www/html/segurosmercantil/source/vendor/laravel/framework/src/Illuminate/Database/Eloquent/Model.php(1523): Illuminate\\Database\\Eloquent\\Model->getAttribute()
#11 /var/www/html/segurosmercantil/source/app/Http/Controllers/SegurosMercantil/GestionController.php(493): Illuminate\\Database\\Eloquent\\Model->__get()
#12 [internal function]: App\\Http\\Controllers\\SegurosMercantil\\GestionController->getTipificaciones()
#13 /var/www/html/segurosmercantil/source/vendor/laravel/framework/src/Illuminate/Routing/Controller.php(54): call_user_func_array()
#14 /var/www/html/segurosmercantil/source/vendor/laravel/framework/src/Illuminate/Routing/ControllerDispatcher.php(45): Illuminate\\Routing\\Controller->callAction()
#15 /var/www/html/segurosmercantil/source/vendor/laravel/framework/src/Illuminate/Routing/Route.php(219): Illuminate\\Routing\\ControllerDispatcher->dispatch()
#16 /var/www/html/segurosmercantil/source/vendor/laravel/framework/src/Illuminate/Routing/Route.php(176): Illuminate\\Routing\\Route->runController()
#17 /var/www/html/segurosmercantil/source/vendor/laravel/framework/src/Illuminate/Routing/Router.php(680): Illuminate\\Routing\\Route->run()
#18 /var/www/html/segurosmercantil/source/vendor/laravel/framework/src/Illuminate/Pipeline/Pipeline.php(130): Illuminate\\Routing\\Router->Illuminate\\Routing\\{closure}()
#19 /var/www/html/segurosmercantil/source/vendor/jeremykenedy/laravel-logger/src/App/Http/Middleware/LogActivity.php(27): Illuminate\\Pipeline\\Pipeline->Illuminate\\Pipeline\\{closure}()
#20 /var/www/html/segurosmercantil/source/vendor/laravel/framework/src/Illuminate/Pipeline/Pipeline.php(171): jeremykenedy\\LaravelLogger\\App\\Http\\Middleware\\LogActivity->handle()
#21 /var/www/html/segurosmercantil/source/vendor/laravel/framework/src/Illuminate/Routing/Middleware/SubstituteBindings.php(41): Illuminate\\Pipeline\\Pipeline->Illuminate\\Pipeline\\{closure}()
#22 /var/www/html/segurosmercantil/source/vendor/laravel/framework/src/Illuminate/Pipeline/Pipeline.php(171): Illuminate\\Routing\\Middleware\\SubstituteBindings->handle()
#23 /var/www/html/segurosmercantil/source/vendor/laravel/framework/src/Illuminate/Auth/Middleware/Authenticate.php(43): Illuminate\\Pipeline\\Pipeline->Illuminate\\Pipeline\\{closure}()
#24 /var/www/html/segurosmercantil/source/vendor/laravel/framework/src/Illuminate/Pipeline/Pipeline.php(171): Illuminate\\Auth\\Middleware\\Authenticate->handle()
#25 /var/www/html/segurosmercantil/source/vendor/laravel/framework/src/Illuminate/Foundation/Http/Middleware/VerifyCsrfToken.php(76): Illuminate\\Pipeline\\Pipeline->Illuminate\\Pipeline\\{closure}()
#26 /var/www/html/segurosmercantil/source/vendor/laravel/framework/src/Illuminate/Pipeline/Pipeline.php(171): Illuminate\\Foundation\\Http\\Middleware\\VerifyCsrfToken->handle()
#27 /var/www/html/segurosmercantil/source/vendor/laravel/framework/src/Illuminate/View/Middleware/ShareErrorsFromSession.php(49): Illuminate\\Pipeline\\Pipeline->Illuminate\\Pipeline\\{closure}()
#28 /var/www/html/segurosmercantil/source/vendor/laravel/framework/src/Illuminate/Pipeline/Pipeline.php(171): Illuminate\\View\\Middleware\\ShareErrorsFromSession->handle()
#29 /var/www/html/segurosmercantil/source/vendor/laravel/framework/src/Illuminate/Session/Middleware/StartSession.php(56): Illuminate\\Pipeline\\Pipeline->Illuminate\\Pipeline\\{closure}()
#30 /var/www/html/segurosmercantil/source/vendor/laravel/framework/src/Illuminate/Pipeline/Pipeline.php(171): Illuminate\\Session\\Middleware\\StartSession->handle()
#31 /var/www/html/segurosmercantil/source/vendor/laravel/framework/src/Illuminate/Cookie/Middleware/AddQueuedCookiesToResponse.php(37): Illuminate\\Pipeline\\Pipeline->Illuminate\\Pipeline\\{closure}()
#32 /var/www/html/segurosmercantil/source/vendor/laravel/framework/src/Illuminate/Pipeline/Pipeline.php(171): Illuminate\\Cookie\\Middleware\\AddQueuedCookiesToResponse->handle()
#33 /var/www/html/segurosmercantil/source/vendor/laravel/framework/src/Illuminate/Cookie/Middleware/EncryptCookies.php(66): Illuminate\\Pipeline\\Pipeline->Illuminate\\Pipeline\\{closure}()
#34 /var/www/html/segurosmercantil/source/vendor/laravel/framework/src/Illuminate/Pipeline/Pipeline.php(171): Illuminate\\Cookie\\Middleware\\EncryptCookies->handle()
#35 /var/www/html/segurosmercantil/source/vendor/laravel/framework/src/Illuminate/Pipeline/Pipeline.php(105): Illuminate\\Pipeline\\Pipeline->Illuminate\\Pipeline\\{closure}()
#36 /var/www/html/segurosmercantil/source/vendor/laravel/framework/src/Illuminate/Routing/Router.php(682): Illuminate\\Pipeline\\Pipeline->then()
#37 /var/www/html/segurosmercantil/source/vendor/laravel/framework/src/Illuminate/Routing/Router.php(657): Illuminate\\Routing\\Router->runRouteWithinStack()
#38 /var/www/html/segurosmercantil/source/vendor/laravel/framework/src/Illuminate/Routing/Router.php(623): Illuminate\\Routing\\Router->runRoute()
#39 /var/www/html/segurosmercantil/source/vendor/laravel/framework/src/Illuminate/Routing/Router.php(612): Illuminate\\Routing\\Router->dispatchToRoute()
#40 /var/www/html/segurosmercantil/source/vendor/laravel/framework/src/Illuminate/Foundation/Http/Kernel.php(176): Illuminate\\Routing\\Router->dispatch()
#41 /var/www/html/segurosmercantil/source/vendor/laravel/framework/src/Illuminate/Pipeline/Pipeline.php(130): Illuminate\\Foundation\\Http\\Kernel->Illuminate\\Foundation\\Http\\{closure}()
#42 /var/www/html/segurosmercantil/source/vendor/laravel/framework/src/Illuminate/Foundation/Http/Middleware/TransformsRequest.php(21): Illuminate\\Pipeline\\Pipeline->Illuminate\\Pipeline\\{closure}()
#43 /var/www/html/segurosmercantil/source/vendor/laravel/framework/src/Illuminate/Pipeline/Pipeline.php(171): Illuminate\\Foundation\\Http\\Middleware\\TransformsRequest->handle()
#44 /var/www/html/segurosmercantil/source/vendor/laravel/framework/src/Illuminate/Foundation/Http/Middleware/TransformsRequest.php(21): Illuminate\\Pipeline\\Pipeline->Illuminate\\Pipeline\\{closure}()
#45 /var/www/html/segurosmercantil/source/vendor/laravel/framework/src/Illuminate/Pipeline/Pipeline.php(171): Illuminate\\Foundation\\Http\\Middleware\\TransformsRequest->handle()
#46 /var/www/html/segurosmercantil/source/vendor/laravel/framework/src/Illuminate/Foundation/Http/Middleware/ValidatePostSize.php(27): Illuminate\\Pipeline\\Pipeline->Illuminate\\Pipeline\\{closure}()
#47 /var/www/html/segurosmercantil/source/vendor/laravel/framework/src/Illuminate/Pipeline/Pipeline.php(171): Illuminate\\Foundation\\Http\\Middleware\\ValidatePostSize->handle()
#48 /var/www/html/segurosmercantil/source/vendor/laravel/framework/src/Illuminate/Foundation/Http/Middleware/CheckForMaintenanceMode.php(62): Illuminate\\Pipeline\\Pipeline->Illuminate\\Pipeline\\{closure}()
#49 /var/www/html/segurosmercantil/source/vendor/laravel/framework/src/Illuminate/Pipeline/Pipeline.php(171): Illuminate\\Foundation\\Http\\Middleware\\CheckForMaintenanceMode->handle()
#50 /var/www/html/segurosmercantil/source/vendor/fideloper/proxy/src/TrustProxies.php(57): Illuminate\\Pipeline\\Pipeline->Illuminate\\Pipeline\\{closure}()
#51 /var/www/html/segurosmercantil/source/vendor/laravel/framework/src/Illuminate/Pipeline/Pipeline.php(171): Fideloper\\Proxy\\TrustProxies->handle()
#52 /var/www/html/segurosmercantil/source/vendor/laravel/framework/src/Illuminate/Pipeline/Pipeline.php(105): Illuminate\\Pipeline\\Pipeline->Illuminate\\Pipeline\\{closure}()
#53 /var/www/html/segurosmercantil/source/vendor/laravel/framework/src/Illuminate/Foundation/Http/Kernel.php(151): Illuminate\\Pipeline\\Pipeline->then()
#54 /var/www/html/segurosmercantil/source/vendor/laravel/framework/src/Illuminate/Foundation/Http/Kernel.php(116): Illuminate\\Foundation\\Http\\Kernel->sendRequestThroughRouter()
#55 /var/www/html/segurosmercantil/index.php(55): Illuminate\\Foundation\\Http\\Kernel->handle()
#56 {main}
"} 
